  [1m[36m (1.2ms)[0m  [1mCREATE TABLE "schema_migrations" ("version" varchar NOT NULL) [0m
  [1m[35m (0.0ms)[0m  select sqlite_version(*)
  [1m[36m (1.0ms)[0m  [1mCREATE UNIQUE INDEX "unique_schema_migrations" ON "schema_migrations" ("version")[0m
  [1m[35mActiveRecord::SchemaMigration Load (0.1ms)[0m  SELECT "schema_migrations".* FROM "schema_migrations"
  [1m[36mActiveRecord::SchemaMigration Load (0.1ms)[0m  [1mSELECT "schema_migrations".* FROM "schema_migrations"[0m
Migrating to CreatePosts (20151230232412)
  [1m[35m (0.1ms)[0m  begin transaction
  [1m[36m (0.4ms)[0m  [1mCREATE TABLE "posts" ("id" INTEGER PRIMARY KEY AUTOINCREMENT NOT NULL, "title" varchar, "description" text, "created_at" datetime NOT NULL, "updated_at" datetime NOT NULL) [0m
  [1m[35mSQL (0.2ms)[0m  INSERT INTO "schema_migrations" ("version") VALUES (?)  [["version", "20151230232412"]]
  [1m[36m (1.3ms)[0m  [1mcommit transaction[0m
  [1m[35mActiveRecord::SchemaMigration Load (0.1ms)[0m  SELECT "schema_migrations".* FROM "schema_migrations"


Started GET "/posts/new" for ::1 at 2015-12-31 13:44:56 -0600
  [1m[36mActiveRecord::SchemaMigration Load (0.1ms)[0m  [1mSELECT "schema_migrations".* FROM "schema_migrations"[0m
Processing by PostsController#new as HTML
  Rendered posts/new.html.erb within layouts/application (2.1ms)
Completed 200 OK in 347ms (Views: 326.8ms | ActiveRecord: 0.2ms)


Started GET "/assets/application.self-e80e8f2318043e8af94dddc2adad5a4f09739a8ebb323b3ab31cd71d45fd9113.css?body=1" for ::1 at 2015-12-31 13:44:57 -0600


Started GET "/assets/application.self-3b8dabdc891efe46b9a144b400ad69e37d7e5876bdc39dee783419a69d7ca819.js?body=1" for ::1 at 2015-12-31 13:44:57 -0600


Started POST "/posts" for ::1 at 2015-12-31 13:45:03 -0600
Processing by PostsController#create as HTML
  Parameters: {"utf8"=>"✓", "authenticity_token"=>"mFCuNJP5reOW19phdr4zXRLzOMo4NZQ3wneiVR+RO/+owIoDiOxh24iHKkZ7DGazxbSIoRmvIOmJgA4gog1sGg==", "title"=>"Rails Introduction Quiz", "description"=>"asdfasdf", "commit"=>"Submit Post"}
  [1m[35m (0.1ms)[0m  begin transaction
  [1m[36mSQL (0.4ms)[0m  [1mINSERT INTO "posts" ("title", "description", "created_at", "updated_at") VALUES (?, ?, ?, ?)[0m  [["title", "Rails Introduction Quiz"], ["description", "asdfasdf"], ["created_at", "2015-12-31 19:45:03.614973"], ["updated_at", "2015-12-31 19:45:03.614973"]]
  [1m[35m (1.2ms)[0m  commit transaction
Redirected to http://localhost:3000/posts/1
Completed 302 Found in 22ms (ActiveRecord: 1.7ms)


Started GET "/posts/1" for ::1 at 2015-12-31 13:45:03 -0600
Processing by PostsController#show as HTML
  Parameters: {"id"=>"1"}
  [1m[36mPost Load (0.2ms)[0m  [1mSELECT  "posts".* FROM "posts" WHERE "posts"."id" = ? LIMIT 1[0m  [["id", 1]]
  Rendered posts/show.html.erb within layouts/application (0.4ms)
Completed 200 OK in 27ms (Views: 10.4ms | ActiveRecord: 0.2ms)
  [1m[35m (3.1ms)[0m  [1m[35mCREATE TABLE "ar_internal_metadata" ("key" varchar NOT NULL PRIMARY KEY, "value" varchar, "created_at" datetime NOT NULL, "updated_at" datetime NOT NULL)[0m
  [1m[36mActiveRecord::SchemaMigration Load (0.4ms)[0m  [1m[34mSELECT "schema_migrations".* FROM "schema_migrations"[0m
  [1m[36mActiveRecord::InternalMetadata Load (0.1ms)[0m  [1m[34mSELECT  "ar_internal_metadata".* FROM "ar_internal_metadata" WHERE "ar_internal_metadata"."key" = ? LIMIT ?[0m  [["key", "environment"], ["LIMIT", 1]]
  [1m[35m (0.0ms)[0m  [1m[36mbegin transaction[0m
  [1m[35mSQL (0.3ms)[0m  [1m[32mINSERT INTO "ar_internal_metadata" ("key", "value", "created_at", "updated_at") VALUES (?, ?, ?, ?)[0m  [["key", "environment"], ["value", "development"], ["created_at", "2021-09-30 19:10:24.926486"], ["updated_at", "2021-09-30 19:10:24.926486"]]
  [1m[35m (1.3ms)[0m  [1m[36mcommit transaction[0m
  [1m[36mActiveRecord::SchemaMigration Load (0.1ms)[0m  [1m[34mSELECT "schema_migrations".* FROM "schema_migrations"[0m
  [1m[35m (0.1ms)[0m  [1m[36mbegin transaction[0m
  [1m[35mSQL (1.1ms)[0m  [1m[32mINSERT INTO "posts" ("title", "description", "created_at", "updated_at") VALUES (?, ?, ?, ?)[0m  [["title", "Title goes here"], ["description", "Desc goes here..."], ["created_at", "2021-09-30 19:18:29.148972"], ["updated_at", "2021-09-30 19:18:29.148972"]]
  [1m[35m (0.7ms)[0m  [1m[36mcommit transaction[0m
Started GET "/post/new" for ::1 at 2021-09-30 13:30:36 -0600
  [1m[36mActiveRecord::SchemaMigration Load (0.1ms)[0m  [1m[34mSELECT "schema_migrations".* FROM "schema_migrations"[0m
  
ActionController::RoutingError (No route matches [GET] "/post/new"):
  
actionpack (5.0.7.2) lib/action_dispatch/middleware/debug_exceptions.rb:53:in `call'
actionpack (5.0.7.2) lib/action_dispatch/middleware/show_exceptions.rb:31:in `call'
railties (5.0.7.2) lib/rails/rack/logger.rb:36:in `call_app'
railties (5.0.7.2) lib/rails/rack/logger.rb:24:in `block in call'
activesupport (5.0.7.2) lib/active_support/tagged_logging.rb:69:in `block in tagged'
activesupport (5.0.7.2) lib/active_support/tagged_logging.rb:26:in `tagged'
activesupport (5.0.7.2) lib/active_support/tagged_logging.rb:69:in `tagged'
railties (5.0.7.2) lib/rails/rack/logger.rb:24:in `call'
sprockets-rails (3.2.2) lib/sprockets/rails/quiet_assets.rb:13:in `call'
actionpack (5.0.7.2) lib/action_dispatch/middleware/request_id.rb:24:in `call'
rack (2.2.3) lib/rack/method_override.rb:24:in `call'
rack (2.2.3) lib/rack/runtime.rb:22:in `call'
activesupport (5.0.7.2) lib/active_support/cache/strategy/local_cache_middleware.rb:28:in `call'
actionpack (5.0.7.2) lib/action_dispatch/middleware/executor.rb:12:in `call'
actionpack (5.0.7.2) lib/action_dispatch/middleware/static.rb:136:in `call'
rack (2.2.3) lib/rack/sendfile.rb:110:in `call'
railties (5.0.7.2) lib/rails/engine.rb:522:in `call'
rack (2.2.3) lib/rack/handler/webrick.rb:95:in `service'
/Users/akoustics/.rvm/rubies/ruby-2.6.1/lib/ruby/2.6.0/webrick/httpserver.rb:140:in `service'
/Users/akoustics/.rvm/rubies/ruby-2.6.1/lib/ruby/2.6.0/webrick/httpserver.rb:96:in `run'
/Users/akoustics/.rvm/rubies/ruby-2.6.1/lib/ruby/2.6.0/webrick/server.rb:307:in `block in start_thread'
  Rendering /Users/akoustics/.rvm/gems/ruby-2.6.1/gems/actionpack-5.0.7.2/lib/action_dispatch/middleware/templates/rescues/routing_error.html.erb within rescues/layout
  Rendering /Users/akoustics/.rvm/gems/ruby-2.6.1/gems/actionpack-5.0.7.2/lib/action_dispatch/middleware/templates/rescues/_trace.html.erb
  Rendered /Users/akoustics/.rvm/gems/ruby-2.6.1/gems/actionpack-5.0.7.2/lib/action_dispatch/middleware/templates/rescues/_trace.html.erb (1.0ms)
  Rendered collection of /Users/akoustics/.rvm/gems/ruby-2.6.1/gems/actionpack-5.0.7.2/lib/action_dispatch/middleware/templates/routes/_route.html.erb [8 times] (1.8ms)
  Rendered /Users/akoustics/.rvm/gems/ruby-2.6.1/gems/actionpack-5.0.7.2/lib/action_dispatch/middleware/templates/routes/_table.html.erb (9.5ms)
  Rendering /Users/akoustics/.rvm/gems/ruby-2.6.1/gems/actionpack-5.0.7.2/lib/action_dispatch/middleware/templates/rescues/_request_and_response.html.erb
  Rendered /Users/akoustics/.rvm/gems/ruby-2.6.1/gems/actionpack-5.0.7.2/lib/action_dispatch/middleware/templates/rescues/_request_and_response.html.erb (6.5ms)
  Rendered /Users/akoustics/.rvm/gems/ruby-2.6.1/gems/actionpack-5.0.7.2/lib/action_dispatch/middleware/templates/rescues/routing_error.html.erb within rescues/layout (47.1ms)
Started GET "/posts" for ::1 at 2021-09-30 13:33:02 -0600
  [1m[36mActiveRecord::SchemaMigration Load (0.6ms)[0m  [1m[34mSELECT "schema_migrations".* FROM "schema_migrations"[0m
Processing by PostsController#index as HTML
  Rendering posts/index.html.erb within layouts/application
  [1m[36mPost Load (0.3ms)[0m  [1m[34mSELECT "posts".* FROM "posts"[0m
  Rendered posts/index.html.erb within layouts/application (4.8ms)
Completed 200 OK in 315ms (Views: 306.9ms | ActiveRecord: 0.7ms)


Started GET "/posts/new" for ::1 at 2021-09-30 13:33:12 -0600
Processing by PostsController#new as HTML
  Rendering posts/new.html.erb within layouts/application
  Rendered posts/new.html.erb within layouts/application (0.6ms)
Completed 200 OK in 29ms (Views: 28.2ms | ActiveRecord: 0.0ms)


Started POST "/posts" for ::1 at 2021-09-30 13:33:43 -0600
Processing by PostsController#create as HTML
  Parameters: {"utf8"=>"✓", "authenticity_token"=>"RuDpAL7gTuWAC1sd/ne09cVe+hLDmow7l15rgzS08z8QMrFVk+B2rCNO8RK34ZeTvAB0uLFlJ/1VNWkTiooyow==", "title"=>"noah", "description"=>"klem", "commit"=>"Submit Post"}
  [1m[35m (0.0ms)[0m  [1m[36mbegin transaction[0m
  [1m[35mSQL (0.7ms)[0m  [1m[32mINSERT INTO "posts" ("title", "description", "created_at", "updated_at") VALUES (?, ?, ?, ?)[0m  [["title", "noah"], ["description", "klem"], ["created_at", "2021-09-30 19:33:43.247705"], ["updated_at", "2021-09-30 19:33:43.247705"]]
  [1m[35m (0.7ms)[0m  [1m[36mcommit transaction[0m
No template found for PostsController#create, rendering head :no_content
Completed 204 No Content in 21ms (ActiveRecord: 1.5ms)


Started GET "/posts/new" for ::1 at 2021-09-30 13:34:37 -0600
Processing by PostsController#new as HTML
  Rendering posts/new.html.erb within layouts/application
  Rendered posts/new.html.erb within layouts/application (0.6ms)
Completed 200 OK in 12ms (Views: 11.4ms | ActiveRecord: 0.0ms)


  [1m[36mPost Load (0.1ms)[0m  [1m[34mSELECT  "posts".* FROM "posts" ORDER BY "posts"."id" DESC LIMIT ?[0m  [["LIMIT", 1]]
